<?xml version="1.0"?>
<!DOCTYPE coverage SYSTEM "http://cobertura.sourceforge.net/xml/coverage-04.dtd">

<coverage line-rate="0.9927007299270073" branch-rate="0.9857142857142858" lines-covered="136" lines-valid="137" branches-covered="69" branches-valid="70" complexity="2.3142857142857145" version="2.1.1" timestamp="1429606519377">
	<sources>
		<source>/home/rkaim/Documents/bitbucket/app/src/main/java</source>
		<source>--source</source>
	</sources>
	<packages>
		<package name="org.fun.ds" line-rate="1.0" branch-rate="1.0" complexity="1.0">
			<classes>
				<class name="org.fun.ds.List" filename="org/fun/ds/List.java" line-rate="1.0" branch-rate="1.0" complexity="1.0">
					<methods>
					</methods>
					<lines>
					</lines>
				</class>
			</classes>
		</package>
		<package name="org.fun.ds.impl" line-rate="0.9927007299270073" branch-rate="0.9857142857142858" complexity="3.090909090909091">
			<classes>
				<class name="org.fun.ds.impl.LinkedList" filename="org/fun/ds/impl/LinkedList.java" line-rate="0.9922480620155039" branch-rate="0.9857142857142858" complexity="3.090909090909091">
					<methods>
						<method name="&lt;init&gt;" signature="()V" line-rate="1.0" branch-rate="1.0" complexity="0">
							<lines>
								<line number="10" hits="38" branch="false"/>
								<line number="347" hits="38" branch="false"/>
							</lines>
						</method>
						<method name="add" signature="(I)Z" line-rate="1.0" branch-rate="1.0" complexity="0">
							<lines>
								<line number="33" hits="126" branch="false"/>
								<line number="34" hits="126" branch="true" condition-coverage="100% (2/2)">
									<conditions>
										<condition number="0" type="jump" coverage="100%"/>
									</conditions>
								</line>
								<line number="35" hits="25" branch="false"/>
								<line number="36" hits="25" branch="false"/>
								<line number="37" hits="25" branch="false"/>
								<line number="39" hits="101" branch="false"/>
								<line number="40" hits="101" branch="true" condition-coverage="100% (2/2)">
									<conditions>
										<condition number="0" type="jump" coverage="100%"/>
									</conditions>
								</line>
								<line number="42" hits="101" branch="false"/>
								<line number="43" hits="101" branch="false"/>
								<line number="44" hits="101" branch="false"/>
								<line number="46" hits="126" branch="false"/>
							</lines>
						</method>
						<method name="add" signature="(II)V" line-rate="1.0" branch-rate="1.0" complexity="0">
							<lines>
								<line number="57" hits="6" branch="true" condition-coverage="100% (2/2)">
									<conditions>
										<condition number="0" type="jump" coverage="100%"/>
									</conditions>
								</line>
								<line number="58" hits="3" branch="false"/>
								<line number="60" hits="3" branch="true" condition-coverage="100% (4/4)">
									<conditions>
										<condition number="0" type="jump" coverage="100%"/>
										<condition number="1" type="jump" coverage="100%"/>
									</conditions>
								</line>
								<line number="61" hits="2" branch="false"/>
								<line number="63" hits="1" branch="false"/>
								<line number="64" hits="1" branch="false"/>
								<line number="66" hits="1" branch="false"/>
								<line number="69" hits="3" branch="false"/>
							</lines>
						</method>
						<method name="addFirst" signature="(I)V" line-rate="1.0" branch-rate="1.0" complexity="0">
							<lines>
								<line number="94" hits="4" branch="true" condition-coverage="100% (2/2)">
									<conditions>
										<condition number="0" type="jump" coverage="100%"/>
									</conditions>
								</line>
								<line number="95" hits="3" branch="false"/>
								<line number="96" hits="3" branch="false"/>
								<line number="97" hits="3" branch="false"/>
								<line number="98" hits="3" branch="false"/>
								<line number="99" hits="1" branch="false"/>
								<line number="100" hits="4" branch="false"/>
								<line number="101" hits="4" branch="false"/>
							</lines>
						</method>
						<method name="addLast" signature="(I)V" line-rate="1.0" branch-rate="1.0" complexity="0">
							<lines>
								<line number="79" hits="10" branch="true" condition-coverage="100% (2/2)">
									<conditions>
										<condition number="0" type="jump" coverage="100%"/>
									</conditions>
								</line>
								<line number="80" hits="5" branch="false"/>
								<line number="82" hits="5" branch="false"/>
								<line number="83" hits="10" branch="false"/>
								<line number="84" hits="10" branch="false"/>
							</lines>
						</method>
						<method name="contain" signature="(I)I" line-rate="1.0" branch-rate="1.0" complexity="0">
							<lines>
								<line number="245" hits="3" branch="false"/>
								<line number="246" hits="3" branch="true" condition-coverage="100% (2/2)">
									<conditions>
										<condition number="0" type="jump" coverage="100%"/>
									</conditions>
								</line>
								<line number="247" hits="1" branch="false"/>
								<line number="249" hits="2" branch="false"/>
								<line number="250" hits="2" branch="false"/>
								<line number="251" hits="5" branch="true" condition-coverage="100% (2/2)">
									<conditions>
										<condition number="0" type="jump" coverage="100%"/>
									</conditions>
								</line>
								<line number="252" hits="4" branch="true" condition-coverage="100% (2/2)">
									<conditions>
										<condition number="0" type="jump" coverage="100%"/>
									</conditions>
								</line>
								<line number="253" hits="1" branch="false"/>
								<line number="255" hits="3" branch="false"/>
								<line number="256" hits="3" branch="false"/>
								<line number="259" hits="1" branch="false"/>
								<line number="261" hits="1" branch="false"/>
							</lines>
						</method>
						<method name="get" signature="(I)I" line-rate="1.0" branch-rate="1.0" complexity="0">
							<lines>
								<line number="133" hits="10" branch="true" condition-coverage="100% (2/2)">
									<conditions>
										<condition number="0" type="jump" coverage="100%"/>
									</conditions>
								</line>
								<line number="134" hits="1" branch="false"/>
								<line number="136" hits="9" branch="false"/>
								<line number="137" hits="9" branch="false"/>
								<line number="138" hits="13" branch="true" condition-coverage="100% (2/2)">
									<conditions>
										<condition number="0" type="jump" coverage="100%"/>
									</conditions>
								</line>
								<line number="139" hits="4" branch="false"/>
								<line number="140" hits="9" branch="false"/>
							</lines>
						</method>
						<method name="getElement" signature="(I)Lorg/fun/ds/impl/LinkedList$Node;" line-rate="0.8" branch-rate="0.5" complexity="0">
							<lines>
								<line number="296" hits="2" branch="false"/>
								<line number="297" hits="2" branch="false"/>
								<line number="298" hits="2" branch="true" condition-coverage="50% (1/2)">
									<conditions>
										<condition number="0" type="jump" coverage="50%"/>
									</conditions>
								</line>
								<line number="299" hits="0" branch="false"/>
								<line number="300" hits="2" branch="false"/>
							</lines>
						</method>
						<method name="getFirst" signature="()I" line-rate="1.0" branch-rate="1.0" complexity="0">
							<lines>
								<line number="111" hits="8" branch="true" condition-coverage="100% (2/2)">
									<conditions>
										<condition number="0" type="jump" coverage="100%"/>
									</conditions>
								</line>
							</lines>
						</method>
						<method name="getLast" signature="()I" line-rate="1.0" branch-rate="1.0" complexity="0">
							<lines>
								<line number="122" hits="7" branch="true" condition-coverage="100% (2/2)">
									<conditions>
										<condition number="0" type="jump" coverage="100%"/>
									</conditions>
								</line>
							</lines>
						</method>
						<method name="isElementExist" signature="(I)Z" line-rate="1.0" branch-rate="1.0" complexity="0">
							<lines>
								<line number="312" hits="22" branch="true" condition-coverage="100% (2/2)">
									<conditions>
										<condition number="0" type="jump" coverage="100%"/>
									</conditions>
								</line>
								<line number="313" hits="2" branch="false"/>
								<line number="314" hits="20" branch="true" condition-coverage="100% (4/4)">
									<conditions>
										<condition number="0" type="jump" coverage="100%"/>
										<condition number="1" type="jump" coverage="100%"/>
									</conditions>
								</line>
							</lines>
						</method>
						<method name="isFirstExist" signature="()Z" line-rate="1.0" branch-rate="1.0" complexity="0">
							<lines>
								<line number="323" hits="4" branch="true" condition-coverage="100% (2/2)">
									<conditions>
										<condition number="0" type="jump" coverage="100%"/>
									</conditions>
								</line>
							</lines>
						</method>
						<method name="isLastExist" signature="()Z" line-rate="1.0" branch-rate="1.0" complexity="0">
							<lines>
								<line number="332" hits="5" branch="true" condition-coverage="100% (2/2)">
									<conditions>
										<condition number="0" type="jump" coverage="100%"/>
									</conditions>
								</line>
							</lines>
						</method>
						<method name="isListEmpty" signature="()Z" line-rate="1.0" branch-rate="1.0" complexity="0">
							<lines>
								<line number="341" hits="25" branch="true" condition-coverage="100% (2/2)">
									<conditions>
										<condition number="0" type="jump" coverage="100%"/>
									</conditions>
								</line>
							</lines>
						</method>
						<method name="remove" signature="(I)Z" line-rate="1.0" branch-rate="1.0" complexity="0">
							<lines>
								<line number="180" hits="6" branch="true" condition-coverage="100% (2/2)">
									<conditions>
										<condition number="0" type="jump" coverage="100%"/>
									</conditions>
								</line>
								<line number="181" hits="4" branch="true" condition-coverage="100% (2/2)">
									<conditions>
										<condition number="0" type="jump" coverage="100%"/>
									</conditions>
								</line>
								<line number="182" hits="1" branch="false"/>
								<line number="183" hits="3" branch="true" condition-coverage="100% (2/2)">
									<conditions>
										<condition number="0" type="jump" coverage="100%"/>
									</conditions>
								</line>
								<line number="184" hits="2" branch="false"/>
								<line number="186" hits="1" branch="false"/>
								<line number="187" hits="1" branch="false"/>
								<line number="188" hits="1" branch="false"/>
								<line number="189" hits="1" branch="false"/>
								<line number="192" hits="2" branch="false"/>
							</lines>
						</method>
						<method name="removeFirst" signature="()Z" line-rate="1.0" branch-rate="1.0" complexity="0">
							<lines>
								<line number="201" hits="4" branch="false"/>
								<line number="202" hits="4" branch="true" condition-coverage="100% (2/2)">
									<conditions>
										<condition number="0" type="jump" coverage="100%"/>
									</conditions>
								</line>
								<line number="203" hits="3" branch="true" condition-coverage="100% (2/2)">
									<conditions>
										<condition number="0" type="jump" coverage="100%"/>
									</conditions>
								</line>
								<line number="204" hits="2" branch="false"/>
								<line number="205" hits="2" branch="false"/>
								<line number="206" hits="2" branch="false"/>
								<line number="208" hits="1" branch="false"/>
								<line number="209" hits="1" branch="false"/>
								<line number="210" hits="1" branch="false"/>
								<line number="211" hits="1" branch="false"/>
								<line number="212" hits="1" branch="false"/>
								<line number="214" hits="1" branch="false"/>
							</lines>
						</method>
						<method name="removeLast" signature="()Z" line-rate="1.0" branch-rate="1.0" complexity="0">
							<lines>
								<line number="223" hits="5" branch="true" condition-coverage="100% (2/2)">
									<conditions>
										<condition number="0" type="jump" coverage="100%"/>
									</conditions>
								</line>
								<line number="224" hits="4" branch="true" condition-coverage="100% (2/2)">
									<conditions>
										<condition number="0" type="jump" coverage="100%"/>
									</conditions>
								</line>
								<line number="225" hits="1" branch="false"/>
								<line number="226" hits="1" branch="false"/>
								<line number="227" hits="1" branch="false"/>
								<line number="229" hits="3" branch="false"/>
								<line number="230" hits="33" branch="true" condition-coverage="100% (2/2)">
									<conditions>
										<condition number="0" type="jump" coverage="100%"/>
									</conditions>
								</line>
								<line number="231" hits="30" branch="false"/>
								<line number="232" hits="3" branch="false"/>
								<line number="233" hits="3" branch="false"/>
								<line number="234" hits="3" branch="false"/>
								<line number="235" hits="3" branch="false"/>
								<line number="236" hits="3" branch="false"/>
								<line number="238" hits="1" branch="false"/>
							</lines>
						</method>
						<method name="reverse" signature="()V" line-rate="1.0" branch-rate="1.0" complexity="0">
							<lines>
								<line number="268" hits="3" branch="false"/>
								<line number="269" hits="3" branch="false"/>
							</lines>
						</method>
						<method name="reverseRecursively" signature="(Lorg/fun/ds/impl/LinkedList$Node;)V" line-rate="1.0" branch-rate="1.0" complexity="0">
							<lines>
								<line number="276" hits="5" branch="true" condition-coverage="100% (2/2)">
									<conditions>
										<condition number="0" type="jump" coverage="100%"/>
									</conditions>
								</line>
								<line number="277" hits="1" branch="false"/>
								<line number="278" hits="4" branch="true" condition-coverage="100% (2/2)">
									<conditions>
										<condition number="0" type="jump" coverage="100%"/>
									</conditions>
								</line>
								<line number="279" hits="2" branch="false"/>
								<line number="280" hits="2" branch="false"/>
								<line number="281" hits="2" branch="false"/>
								<line number="283" hits="2" branch="false"/>
								<line number="284" hits="2" branch="false"/>
								<line number="285" hits="2" branch="false"/>
								<line number="286" hits="2" branch="false"/>
							</lines>
						</method>
						<method name="size" signature="()I" line-rate="1.0" branch-rate="1.0" complexity="0">
							<lines>
								<line number="149" hits="6" branch="false"/>
							</lines>
						</method>
						<method name="toString" signature="()Ljava/lang/String;" line-rate="1.0" branch-rate="1.0" complexity="0">
							<lines>
								<line number="156" hits="2" branch="false"/>
								<line number="157" hits="2" branch="false"/>
								<line number="158" hits="2" branch="false"/>
								<line number="159" hits="2" branch="true" condition-coverage="100% (2/2)">
									<conditions>
										<condition number="0" type="jump" coverage="100%"/>
									</conditions>
								</line>
								<line number="160" hits="1" branch="false"/>
								<line number="161" hits="1" branch="false"/>
								<line number="162" hits="51" branch="true" condition-coverage="100% (2/2)">
									<conditions>
										<condition number="0" type="jump" coverage="100%"/>
									</conditions>
								</line>
								<line number="163" hits="50" branch="true" condition-coverage="100% (2/2)">
									<conditions>
										<condition number="0" type="jump" coverage="100%"/>
									</conditions>
								</line>
								<line number="164" hits="1" branch="false"/>
								<line number="166" hits="49" branch="false"/>
								<line number="167" hits="50" branch="false"/>
								<line number="168" hits="50" branch="true" condition-coverage="100% (2/2)">
									<conditions>
										<condition number="0" type="jump" coverage="100%"/>
									</conditions>
								</line>
								<line number="169" hits="2" branch="false"/>
								<line number="171" hits="1" branch="false"/>
							</lines>
						</method>
					</methods>
					<lines>
						<line number="10" hits="38" branch="false"/>
						<line number="33" hits="126" branch="false"/>
						<line number="34" hits="126" branch="true" condition-coverage="100% (2/2)">
							<conditions>
								<condition number="0" type="jump" coverage="100%"/>
							</conditions>
						</line>
						<line number="35" hits="25" branch="false"/>
						<line number="36" hits="25" branch="false"/>
						<line number="37" hits="25" branch="false"/>
						<line number="39" hits="101" branch="false"/>
						<line number="40" hits="101" branch="true" condition-coverage="100% (2/2)">
							<conditions>
								<condition number="0" type="jump" coverage="100%"/>
							</conditions>
						</line>
						<line number="42" hits="101" branch="false"/>
						<line number="43" hits="101" branch="false"/>
						<line number="44" hits="101" branch="false"/>
						<line number="46" hits="126" branch="false"/>
						<line number="57" hits="6" branch="true" condition-coverage="100% (2/2)">
							<conditions>
								<condition number="0" type="jump" coverage="100%"/>
							</conditions>
						</line>
						<line number="58" hits="3" branch="false"/>
						<line number="60" hits="3" branch="true" condition-coverage="100% (4/4)">
							<conditions>
								<condition number="0" type="jump" coverage="100%"/>
								<condition number="1" type="jump" coverage="100%"/>
							</conditions>
						</line>
						<line number="61" hits="2" branch="false"/>
						<line number="63" hits="1" branch="false"/>
						<line number="64" hits="1" branch="false"/>
						<line number="66" hits="1" branch="false"/>
						<line number="69" hits="3" branch="false"/>
						<line number="79" hits="10" branch="true" condition-coverage="100% (2/2)">
							<conditions>
								<condition number="0" type="jump" coverage="100%"/>
							</conditions>
						</line>
						<line number="80" hits="5" branch="false"/>
						<line number="82" hits="5" branch="false"/>
						<line number="83" hits="10" branch="false"/>
						<line number="84" hits="10" branch="false"/>
						<line number="94" hits="4" branch="true" condition-coverage="100% (2/2)">
							<conditions>
								<condition number="0" type="jump" coverage="100%"/>
							</conditions>
						</line>
						<line number="95" hits="3" branch="false"/>
						<line number="96" hits="3" branch="false"/>
						<line number="97" hits="3" branch="false"/>
						<line number="98" hits="3" branch="false"/>
						<line number="99" hits="1" branch="false"/>
						<line number="100" hits="4" branch="false"/>
						<line number="101" hits="4" branch="false"/>
						<line number="111" hits="8" branch="true" condition-coverage="100% (2/2)">
							<conditions>
								<condition number="0" type="jump" coverage="100%"/>
							</conditions>
						</line>
						<line number="122" hits="7" branch="true" condition-coverage="100% (2/2)">
							<conditions>
								<condition number="0" type="jump" coverage="100%"/>
							</conditions>
						</line>
						<line number="133" hits="10" branch="true" condition-coverage="100% (2/2)">
							<conditions>
								<condition number="0" type="jump" coverage="100%"/>
							</conditions>
						</line>
						<line number="134" hits="1" branch="false"/>
						<line number="136" hits="9" branch="false"/>
						<line number="137" hits="9" branch="false"/>
						<line number="138" hits="13" branch="true" condition-coverage="100% (2/2)">
							<conditions>
								<condition number="0" type="jump" coverage="100%"/>
							</conditions>
						</line>
						<line number="139" hits="4" branch="false"/>
						<line number="140" hits="9" branch="false"/>
						<line number="149" hits="6" branch="false"/>
						<line number="156" hits="2" branch="false"/>
						<line number="157" hits="2" branch="false"/>
						<line number="158" hits="2" branch="false"/>
						<line number="159" hits="2" branch="true" condition-coverage="100% (2/2)">
							<conditions>
								<condition number="0" type="jump" coverage="100%"/>
							</conditions>
						</line>
						<line number="160" hits="1" branch="false"/>
						<line number="161" hits="1" branch="false"/>
						<line number="162" hits="51" branch="true" condition-coverage="100% (2/2)">
							<conditions>
								<condition number="0" type="jump" coverage="100%"/>
							</conditions>
						</line>
						<line number="163" hits="50" branch="true" condition-coverage="100% (2/2)">
							<conditions>
								<condition number="0" type="jump" coverage="100%"/>
							</conditions>
						</line>
						<line number="164" hits="1" branch="false"/>
						<line number="166" hits="49" branch="false"/>
						<line number="167" hits="50" branch="false"/>
						<line number="168" hits="50" branch="true" condition-coverage="100% (2/2)">
							<conditions>
								<condition number="0" type="jump" coverage="100%"/>
							</conditions>
						</line>
						<line number="169" hits="2" branch="false"/>
						<line number="171" hits="1" branch="false"/>
						<line number="180" hits="6" branch="true" condition-coverage="100% (2/2)">
							<conditions>
								<condition number="0" type="jump" coverage="100%"/>
							</conditions>
						</line>
						<line number="181" hits="4" branch="true" condition-coverage="100% (2/2)">
							<conditions>
								<condition number="0" type="jump" coverage="100%"/>
							</conditions>
						</line>
						<line number="182" hits="1" branch="false"/>
						<line number="183" hits="3" branch="true" condition-coverage="100% (2/2)">
							<conditions>
								<condition number="0" type="jump" coverage="100%"/>
							</conditions>
						</line>
						<line number="184" hits="2" branch="false"/>
						<line number="186" hits="1" branch="false"/>
						<line number="187" hits="1" branch="false"/>
						<line number="188" hits="1" branch="false"/>
						<line number="189" hits="1" branch="false"/>
						<line number="192" hits="2" branch="false"/>
						<line number="201" hits="4" branch="false"/>
						<line number="202" hits="4" branch="true" condition-coverage="100% (2/2)">
							<conditions>
								<condition number="0" type="jump" coverage="100%"/>
							</conditions>
						</line>
						<line number="203" hits="3" branch="true" condition-coverage="100% (2/2)">
							<conditions>
								<condition number="0" type="jump" coverage="100%"/>
							</conditions>
						</line>
						<line number="204" hits="2" branch="false"/>
						<line number="205" hits="2" branch="false"/>
						<line number="206" hits="2" branch="false"/>
						<line number="208" hits="1" branch="false"/>
						<line number="209" hits="1" branch="false"/>
						<line number="210" hits="1" branch="false"/>
						<line number="211" hits="1" branch="false"/>
						<line number="212" hits="1" branch="false"/>
						<line number="214" hits="1" branch="false"/>
						<line number="223" hits="5" branch="true" condition-coverage="100% (2/2)">
							<conditions>
								<condition number="0" type="jump" coverage="100%"/>
							</conditions>
						</line>
						<line number="224" hits="4" branch="true" condition-coverage="100% (2/2)">
							<conditions>
								<condition number="0" type="jump" coverage="100%"/>
							</conditions>
						</line>
						<line number="225" hits="1" branch="false"/>
						<line number="226" hits="1" branch="false"/>
						<line number="227" hits="1" branch="false"/>
						<line number="229" hits="3" branch="false"/>
						<line number="230" hits="33" branch="true" condition-coverage="100% (2/2)">
							<conditions>
								<condition number="0" type="jump" coverage="100%"/>
							</conditions>
						</line>
						<line number="231" hits="30" branch="false"/>
						<line number="232" hits="3" branch="false"/>
						<line number="233" hits="3" branch="false"/>
						<line number="234" hits="3" branch="false"/>
						<line number="235" hits="3" branch="false"/>
						<line number="236" hits="3" branch="false"/>
						<line number="238" hits="1" branch="false"/>
						<line number="245" hits="3" branch="false"/>
						<line number="246" hits="3" branch="true" condition-coverage="100% (2/2)">
							<conditions>
								<condition number="0" type="jump" coverage="100%"/>
							</conditions>
						</line>
						<line number="247" hits="1" branch="false"/>
						<line number="249" hits="2" branch="false"/>
						<line number="250" hits="2" branch="false"/>
						<line number="251" hits="5" branch="true" condition-coverage="100% (2/2)">
							<conditions>
								<condition number="0" type="jump" coverage="100%"/>
							</conditions>
						</line>
						<line number="252" hits="4" branch="true" condition-coverage="100% (2/2)">
							<conditions>
								<condition number="0" type="jump" coverage="100%"/>
							</conditions>
						</line>
						<line number="253" hits="1" branch="false"/>
						<line number="255" hits="3" branch="false"/>
						<line number="256" hits="3" branch="false"/>
						<line number="259" hits="1" branch="false"/>
						<line number="261" hits="1" branch="false"/>
						<line number="268" hits="3" branch="false"/>
						<line number="269" hits="3" branch="false"/>
						<line number="276" hits="5" branch="true" condition-coverage="100% (2/2)">
							<conditions>
								<condition number="0" type="jump" coverage="100%"/>
							</conditions>
						</line>
						<line number="277" hits="1" branch="false"/>
						<line number="278" hits="4" branch="true" condition-coverage="100% (2/2)">
							<conditions>
								<condition number="0" type="jump" coverage="100%"/>
							</conditions>
						</line>
						<line number="279" hits="2" branch="false"/>
						<line number="280" hits="2" branch="false"/>
						<line number="281" hits="2" branch="false"/>
						<line number="283" hits="2" branch="false"/>
						<line number="284" hits="2" branch="false"/>
						<line number="285" hits="2" branch="false"/>
						<line number="286" hits="2" branch="false"/>
						<line number="296" hits="2" branch="false"/>
						<line number="297" hits="2" branch="false"/>
						<line number="298" hits="2" branch="true" condition-coverage="50% (1/2)">
							<conditions>
								<condition number="0" type="jump" coverage="50%"/>
							</conditions>
						</line>
						<line number="299" hits="0" branch="false"/>
						<line number="300" hits="2" branch="false"/>
						<line number="312" hits="22" branch="true" condition-coverage="100% (2/2)">
							<conditions>
								<condition number="0" type="jump" coverage="100%"/>
							</conditions>
						</line>
						<line number="313" hits="2" branch="false"/>
						<line number="314" hits="20" branch="true" condition-coverage="100% (4/4)">
							<conditions>
								<condition number="0" type="jump" coverage="100%"/>
								<condition number="1" type="jump" coverage="100%"/>
							</conditions>
						</line>
						<line number="323" hits="4" branch="true" condition-coverage="100% (2/2)">
							<conditions>
								<condition number="0" type="jump" coverage="100%"/>
							</conditions>
						</line>
						<line number="332" hits="5" branch="true" condition-coverage="100% (2/2)">
							<conditions>
								<condition number="0" type="jump" coverage="100%"/>
							</conditions>
						</line>
						<line number="341" hits="25" branch="true" condition-coverage="100% (2/2)">
							<conditions>
								<condition number="0" type="jump" coverage="100%"/>
							</conditions>
						</line>
						<line number="347" hits="38" branch="false"/>
					</lines>
				</class>
				<class name="org.fun.ds.impl.LinkedList$Node" filename="org/fun/ds/impl/LinkedList.java" line-rate="1.0" branch-rate="1.0" complexity="3.090909090909091">
					<methods>
						<method name="&lt;init&gt;" signature="(Lorg/fun/ds/impl/LinkedList;I)V" line-rate="1.0" branch-rate="1.0" complexity="0">
							<lines>
								<line number="363" hits="140" branch="false"/>
								<line number="364" hits="140" branch="false"/>
								<line number="365" hits="140" branch="false"/>
							</lines>
						</method>
						<method name="&lt;init&gt;" signature="(Lorg/fun/ds/impl/LinkedList;Lorg/fun/ds/impl/LinkedList$Node;I)V" line-rate="1.0" branch-rate="1.0" complexity="0">
							<lines>
								<line number="375" hits="1" branch="false"/>
								<line number="376" hits="1" branch="false"/>
								<line number="377" hits="1" branch="false"/>
								<line number="378" hits="1" branch="false"/>
							</lines>
						</method>
						<method name="access$000" signature="(Lorg/fun/ds/impl/LinkedList$Node;)Lorg/fun/ds/impl/LinkedList$Node;" line-rate="1.0" branch-rate="1.0" complexity="0">
							<lines>
							</lines>
						</method>
						<method name="access$002" signature="(Lorg/fun/ds/impl/LinkedList$Node;Lorg/fun/ds/impl/LinkedList$Node;)Lorg/fun/ds/impl/LinkedList$Node;" line-rate="1.0" branch-rate="1.0" complexity="0">
							<lines>
							</lines>
						</method>
						<method name="access$100" signature="(Lorg/fun/ds/impl/LinkedList$Node;)I" line-rate="1.0" branch-rate="1.0" complexity="0">
							<lines>
								<line number="347" hits="3652" branch="false"/>
							</lines>
						</method>
					</methods>
					<lines>
						<line number="347" hits="3652" branch="false"/>
						<line number="363" hits="140" branch="false"/>
						<line number="364" hits="140" branch="false"/>
						<line number="365" hits="140" branch="false"/>
						<line number="375" hits="1" branch="false"/>
						<line number="376" hits="1" branch="false"/>
						<line number="377" hits="1" branch="false"/>
						<line number="378" hits="1" branch="false"/>
					</lines>
				</class>
			</classes>
		</package>
	</packages>
</coverage>
